<?xml version="1.0" encoding="UTF-8"?>
<!-- Generated by org.testng.reporters.JUnitXMLReporter -->
<testsuite ignored="0" hostname="LAPTOP-39B9NA9O" failures="0" tests="3" name="Test" time="0.014" errors="0" timestamp="2024-09-17T17:36:30 IST">
  <testcase classname="ThirdSegment.WishList" name="BuyOption" time="0.002"/>
  <testcase classname="ThirdSegment.WishList" name="Unfav_option" time="0.002"/>
  <testcase classname="ThirdSegment.WishList" name="favProducts" time="0.002"/>
</testsuite> <!-- Test -->
