<?xml version="1.0" encoding="UTF-8"?>
<!-- Generated by org.testng.reporters.JUnitXMLReporter -->
<testsuite ignored="0" hostname="LAPTOP-39B9NA9O" failures="0" tests="11" name="Test" time="0.558" errors="0" timestamp="2024-09-17T16:33:17 IST">
  <testcase classname="FirstSegment.Registration" name="userEmail_Creation" time="0.22"/>
  <testcase classname="FirstSegment.Registration" name="userID_Creation" time="0.004"/>
  <testcase classname="FirstSegment.Registration" name="userMobNumber_Creation" time="0.005"/>
  <testcase classname="FirstSegment.Registration" name="userName_Creation" time="0.005"/>
  <testcase classname="SecondSegment.HomePage" name="Logo" time="0.004"/>
  <testcase classname="SecondSegment.HomePage" name="Products" time="0.005"/>
  <testcase classname="SecondSegment.HomePage" name="SearchBar" time="0.008"/>
  <testcase classname="SecondSegment.HomePage" name="menue" time="0.003"/>
  <testcase classname="ThirdSegment.WishList" name="BuyOption" time="0.005"/>
  <testcase classname="ThirdSegment.WishList" name="Unfav_option" time="0.007"/>
  <testcase classname="ThirdSegment.WishList" name="favProducts" time="0.004"/>
</testsuite> <!-- Test -->
