<?xml version="1.0" encoding="UTF-8"?>
<!-- Generated by org.testng.reporters.JUnitXMLReporter -->
<testsuite ignored="0" hostname="LAPTOP-39B9NA9O" failures="0" tests="4" name="Test" time="0.189" errors="0" timestamp="2024-09-17T17:36:30 IST">
  <testcase classname="FirstSegment.Registration" name="userEmail_Creation" time="0.062"/>
  <testcase classname="FirstSegment.Registration" name="userID_Creation" time="0.002"/>
  <testcase classname="FirstSegment.Registration" name="userMobNumber_Creation" time="0.003"/>
  <testcase classname="FirstSegment.Registration" name="userName_Creation" time="0.002"/>
</testsuite> <!-- Test -->
