<?xml version="1.0" encoding="UTF-8"?>
<testng-results ignored="0" total="11" passed="11" failed="0" skipped="0">
  <reporter-output>
  </reporter-output>
  <suite started-at="2024-09-17T17:36:29 IST" name="Suite" finished-at="2024-09-17T17:36:30 IST" duration-ms="189">
    <groups>
    </groups>
    <test started-at="2024-09-17T17:36:29 IST" name="Test" finished-at="2024-09-17T17:36:30 IST" duration-ms="189">
      <class name="FirstSegment.Registration">
        <test-method signature="userEmail_Creation()[pri:0, instance:FirstSegment.Registration@cecf639]" started-at="2024-09-17T17:36:29 IST" name="userEmail_Creation" finished-at="2024-09-17T17:36:29 IST" duration-ms="62" status="PASS">
          <reporter-output>
          </reporter-output>
        </test-method> <!-- userEmail_Creation -->
        <test-method signature="userID_Creation()[pri:0, instance:FirstSegment.Registration@cecf639]" started-at="2024-09-17T17:36:30 IST" name="userID_Creation" finished-at="2024-09-17T17:36:30 IST" duration-ms="2" status="PASS">
          <reporter-output>
          </reporter-output>
        </test-method> <!-- userID_Creation -->
        <test-method signature="userMobNumber_Creation()[pri:0, instance:FirstSegment.Registration@cecf639]" started-at="2024-09-17T17:36:30 IST" name="userMobNumber_Creation" finished-at="2024-09-17T17:36:30 IST" duration-ms="3" status="PASS">
          <reporter-output>
          </reporter-output>
        </test-method> <!-- userMobNumber_Creation -->
        <test-method signature="userName_Creation()[pri:0, instance:FirstSegment.Registration@cecf639]" started-at="2024-09-17T17:36:30 IST" name="userName_Creation" finished-at="2024-09-17T17:36:30 IST" duration-ms="2" status="PASS">
          <reporter-output>
          </reporter-output>
        </test-method> <!-- userName_Creation -->
      </class> <!-- FirstSegment.Registration -->
    </test> <!-- Test -->
  </suite> <!-- Suite -->
  <suite started-at="2024-09-17T17:36:30 IST" name="Suite (1)" finished-at="2024-09-17T17:36:30 IST" duration-ms="14">
    <groups>
    </groups>
    <test started-at="2024-09-17T17:36:30 IST" name="Test" finished-at="2024-09-17T17:36:30 IST" duration-ms="14">
      <class name="ThirdSegment.WishList">
        <test-method signature="BuyOption()[pri:0, instance:ThirdSegment.WishList@431cd9b2]" started-at="2024-09-17T17:36:30 IST" name="BuyOption" finished-at="2024-09-17T17:36:30 IST" duration-ms="2" status="PASS">
          <reporter-output>
          </reporter-output>
        </test-method> <!-- BuyOption -->
        <test-method signature="Unfav_option()[pri:0, instance:ThirdSegment.WishList@431cd9b2]" started-at="2024-09-17T17:36:30 IST" name="Unfav_option" finished-at="2024-09-17T17:36:30 IST" duration-ms="2" status="PASS">
          <reporter-output>
          </reporter-output>
        </test-method> <!-- Unfav_option -->
        <test-method signature="favProducts()[pri:0, instance:ThirdSegment.WishList@431cd9b2]" started-at="2024-09-17T17:36:30 IST" name="favProducts" finished-at="2024-09-17T17:36:30 IST" duration-ms="2" status="PASS">
          <reporter-output>
          </reporter-output>
        </test-method> <!-- favProducts -->
      </class> <!-- ThirdSegment.WishList -->
    </test> <!-- Test -->
  </suite> <!-- Suite (1) -->
  <suite started-at="2024-09-17T17:36:30 IST" name="Suite (0)" finished-at="2024-09-17T17:36:30 IST" duration-ms="19">
    <groups>
    </groups>
    <test started-at="2024-09-17T17:36:30 IST" name="Test" finished-at="2024-09-17T17:36:30 IST" duration-ms="19">
      <class name="SecondSegment.HomePage">
        <test-method signature="Logo()[pri:0, instance:SecondSegment.HomePage@480d3575]" started-at="2024-09-17T17:36:30 IST" name="Logo" finished-at="2024-09-17T17:36:30 IST" duration-ms="2" status="PASS">
          <reporter-output>
          </reporter-output>
        </test-method> <!-- Logo -->
        <test-method signature="Products()[pri:0, instance:SecondSegment.HomePage@480d3575]" started-at="2024-09-17T17:36:30 IST" name="Products" finished-at="2024-09-17T17:36:30 IST" duration-ms="2" status="PASS">
          <reporter-output>
          </reporter-output>
        </test-method> <!-- Products -->
        <test-method signature="SearchBar()[pri:0, instance:SecondSegment.HomePage@480d3575]" started-at="2024-09-17T17:36:30 IST" name="SearchBar" finished-at="2024-09-17T17:36:30 IST" duration-ms="2" status="PASS">
          <reporter-output>
          </reporter-output>
        </test-method> <!-- SearchBar -->
        <test-method signature="menue()[pri:0, instance:SecondSegment.HomePage@480d3575]" started-at="2024-09-17T17:36:30 IST" name="menue" finished-at="2024-09-17T17:36:30 IST" duration-ms="3" status="PASS">
          <reporter-output>
          </reporter-output>
        </test-method> <!-- menue -->
      </class> <!-- SecondSegment.HomePage -->
    </test> <!-- Test -->
  </suite> <!-- Suite (0) -->
  <suite started-at="2024-09-17T17:36:30 IST" name="Master Suite" finished-at="2024-09-17T17:36:30 IST" duration-ms="0">
    <groups>
    </groups>
  </suite> <!-- Master Suite -->
</testng-results>
