<?xml version="1.0" encoding="UTF-8"?>
<testsuite xmlns:xsi="http://www.w3.org/2001/XMLSchema-instance" xsi:noNamespaceSchemaLocation="https://maven.apache.org/surefire/maven-surefire-plugin/xsd/surefire-test-report.xsd" version="3.0.2" name="TestSuite" time="1.036" tests="11" errors="0" skipped="0" failures="0">
  <properties>
[...]
</properties>
  <testcase name="userEmail_Creation" classname="FirstSegment.Registration" time="0.128">
    <system-out><![CDATA[User Email ID Creation
]]></system-out>
    <system-err><![CDATA[SLF4J: Failed to load class "org.slf4j.impl.StaticLoggerBinder".
SLF4J: Defaulting to no-operation (NOP) logger implementation
SLF4J: See http://www.slf4j.org/codes.html#StaticLoggerBinder for further details.
]]></system-err>
  </testcase>
  <testcase name="userID_Creation" classname="FirstSegment.Registration" time="0.006">
    <system-out><![CDATA[USer id creation.
]]></system-out>
  </testcase>
  <testcase name="userMobNumber_Creation" classname="FirstSegment.Registration" time="0.005">
    <system-out><![CDATA[User Mobile NUmber Creation
]]></system-out>
  </testcase>
  <testcase name="userName_Creation" classname="FirstSegment.Registration" time="0.004">
    <system-out><![CDATA[User Name Creation
]]></system-out>
  </testcase>
  <testcase name="Logo" classname="SecondSegment.HomePage" time="0.005">
    <system-out><![CDATA[check Organisation LOgo
]]></system-out>
  </testcase>
  <testcase name="Products" classname="SecondSegment.HomePage" time="0.004">
    <system-out><![CDATA[WE can see trending products on the home page
]]></system-out>
  </testcase>
  <testcase name="SearchBar" classname="SecondSegment.HomePage" time="0.006">
    <system-out><![CDATA[Search bar on the home page 
]]></system-out>
  </testcase>
  <testcase name="menue" classname="SecondSegment.HomePage" time="0.003">
    <system-out><![CDATA[Menue button to see menue
]]></system-out>
  </testcase>
  <testcase name="BuyOption" classname="ThirdSegment.WishList" time="0.004">
    <system-out><![CDATA[User can buy fav products here
]]></system-out>
  </testcase>
  <testcase name="Unfav_option" classname="ThirdSegment.WishList" time="0.004">
    <system-out><![CDATA[User can Un favourite their fav products
]]></system-out>
  </testcase>
  <testcase name="favProducts" classname="ThirdSegment.WishList" time="0.004">
    <system-out><![CDATA[User can see their fav products here
]]></system-out>
  </testcase>
</testsuite>