<?xml version="1.0" encoding="UTF-8"?>
<!-- Generated by org.testng.reporters.JUnitXMLReporter -->
<testsuite ignored="0" hostname="LAPTOP-39B9NA9O" failures="0" tests="4" name="Test" time="0.019" errors="0" timestamp="2024-09-17T17:36:30 IST">
  <testcase classname="SecondSegment.HomePage" name="Logo" time="0.002"/>
  <testcase classname="SecondSegment.HomePage" name="Products" time="0.002"/>
  <testcase classname="SecondSegment.HomePage" name="SearchBar" time="0.002"/>
  <testcase classname="SecondSegment.HomePage" name="menue" time="0.003"/>
</testsuite> <!-- Test -->
