<?xml version="1.0" encoding="UTF-8"?>
<testng-results ignored="0" total="11" passed="11" failed="0" skipped="0">
  <reporter-output>
  </reporter-output>
  <suite started-at="2024-09-17T16:33:16 IST" name="Suite" finished-at="2024-09-17T16:33:17 IST" duration-ms="558">
    <groups>
    </groups>
    <test started-at="2024-09-17T16:33:16 IST" name="Test" finished-at="2024-09-17T16:33:17 IST" duration-ms="558">
      <class name="FirstSegment.Registration">
        <test-method signature="userEmail_Creation()[pri:0, instance:FirstSegment.Registration@1e097d59]" started-at="2024-09-17T16:33:16 IST" name="userEmail_Creation" finished-at="2024-09-17T16:33:16 IST" duration-ms="220" status="PASS">
          <reporter-output>
          </reporter-output>
        </test-method> <!-- userEmail_Creation -->
        <test-method signature="userID_Creation()[pri:0, instance:FirstSegment.Registration@1e097d59]" started-at="2024-09-17T16:33:17 IST" name="userID_Creation" finished-at="2024-09-17T16:33:17 IST" duration-ms="4" status="PASS">
          <reporter-output>
          </reporter-output>
        </test-method> <!-- userID_Creation -->
        <test-method signature="userMobNumber_Creation()[pri:0, instance:FirstSegment.Registration@1e097d59]" started-at="2024-09-17T16:33:17 IST" name="userMobNumber_Creation" finished-at="2024-09-17T16:33:17 IST" duration-ms="5" status="PASS">
          <reporter-output>
          </reporter-output>
        </test-method> <!-- userMobNumber_Creation -->
        <test-method signature="userName_Creation()[pri:0, instance:FirstSegment.Registration@1e097d59]" started-at="2024-09-17T16:33:17 IST" name="userName_Creation" finished-at="2024-09-17T16:33:17 IST" duration-ms="5" status="PASS">
          <reporter-output>
          </reporter-output>
        </test-method> <!-- userName_Creation -->
      </class> <!-- FirstSegment.Registration -->
      <class name="ThirdSegment.WishList">
        <test-method signature="BuyOption()[pri:0, instance:ThirdSegment.WishList@63fbfaeb]" started-at="2024-09-17T16:33:17 IST" name="BuyOption" finished-at="2024-09-17T16:33:17 IST" duration-ms="5" status="PASS">
          <reporter-output>
          </reporter-output>
        </test-method> <!-- BuyOption -->
        <test-method signature="Unfav_option()[pri:0, instance:ThirdSegment.WishList@63fbfaeb]" started-at="2024-09-17T16:33:17 IST" name="Unfav_option" finished-at="2024-09-17T16:33:17 IST" duration-ms="7" status="PASS">
          <reporter-output>
          </reporter-output>
        </test-method> <!-- Unfav_option -->
        <test-method signature="favProducts()[pri:0, instance:ThirdSegment.WishList@63fbfaeb]" started-at="2024-09-17T16:33:17 IST" name="favProducts" finished-at="2024-09-17T16:33:17 IST" duration-ms="4" status="PASS">
          <reporter-output>
          </reporter-output>
        </test-method> <!-- favProducts -->
      </class> <!-- ThirdSegment.WishList -->
      <class name="SecondSegment.HomePage">
        <test-method signature="Logo()[pri:0, instance:SecondSegment.HomePage@38234a38]" started-at="2024-09-17T16:33:17 IST" name="Logo" finished-at="2024-09-17T16:33:17 IST" duration-ms="4" status="PASS">
          <reporter-output>
          </reporter-output>
        </test-method> <!-- Logo -->
        <test-method signature="Products()[pri:0, instance:SecondSegment.HomePage@38234a38]" started-at="2024-09-17T16:33:17 IST" name="Products" finished-at="2024-09-17T16:33:17 IST" duration-ms="5" status="PASS">
          <reporter-output>
          </reporter-output>
        </test-method> <!-- Products -->
        <test-method signature="SearchBar()[pri:0, instance:SecondSegment.HomePage@38234a38]" started-at="2024-09-17T16:33:17 IST" name="SearchBar" finished-at="2024-09-17T16:33:17 IST" duration-ms="8" status="PASS">
          <reporter-output>
          </reporter-output>
        </test-method> <!-- SearchBar -->
        <test-method signature="menue()[pri:0, instance:SecondSegment.HomePage@38234a38]" started-at="2024-09-17T16:33:17 IST" name="menue" finished-at="2024-09-17T16:33:17 IST" duration-ms="3" status="PASS">
          <reporter-output>
          </reporter-output>
        </test-method> <!-- menue -->
      </class> <!-- SecondSegment.HomePage -->
    </test> <!-- Test -->
  </suite> <!-- Suite -->
</testng-results>
